
=== Wed Feb 26 22:56:40 2020

Packages were changed.
Update Mode: updateDependencies

The following packages were added:
  com.unity.2d.tilemap@1.0.0
  com.unity.collab-proxy@1.2.16
  com.unity.test-framework@1.1.9
  com.unity.timeline@1.2.10
  com.unity.2d.sprite@1.0.0
  com.unity.ide.vscode@1.1.4
  com.unity.ide.rider@1.1.4
  com.unity.ugui@1.0.0
  com.unity.xr.legacyinputhelpers@1.3.8
  com.unity.modules.androidjni@1.0.0
  com.unity.multiplayer-hlapi@1.0.4
The following packages were updated:
  com.unity.analytics from version 2.0.16 to 3.3.5
  com.unity.purchasing from version 2.0.3 to 2.0.6
  com.unity.textmeshpro from version 1.2.4 to 2.0.1
The following packages were removed:
  com.unity.package-manager-ui@1.9.11

=== Wed Feb 26 23:14:37 2020

Packages were changed.
Update Mode: updateDependencies

The following packages were updated:
  com.unity.test-framework from version 1.1.9 to 1.1.11
  com.unity.timeline from version 1.2.10 to 1.2.12

=== Sun Feb 21 15:58:33 2021

Packages were changed.
Update Mode: updateDependencies

The following packages were added:
  com.unity.ide.visualstudio@2.0.5
The following packages were updated:
  com.unity.ads from version 2.0.8 to 3.6.1
  com.unity.analytics from version 3.3.5 to 3.5.3
  com.unity.collab-proxy from version 1.2.16 to 1.3.9
  com.unity.ide.rider from version 1.1.4 to 2.0.7
  com.unity.ide.vscode from version 1.1.4 to 1.2.3
  com.unity.purchasing from version 2.0.6 to 2.2.2
  com.unity.test-framework from version 1.1.11 to 1.1.20
  com.unity.textmeshpro from version 2.0.1 to 3.0.1
  com.unity.xr.legacyinputhelpers from version 1.3.8 to 2.1.7
